0 info it worked if it ends with ok
1 verbose cli [ '/usr/local/bin/node', '/usr/local/bin/npm', 'run', 'server' ]
2 info using npm@3.9.3
3 info using node@v6.2.0
4 verbose run-script [ 'preserver', 'server', 'postserver' ]
5 info lifecycle ng2-admin@0.3.0~preserver: ng2-admin@0.3.0
6 silly lifecycle ng2-admin@0.3.0~preserver: no script for preserver, continuing
7 info lifecycle ng2-admin@0.3.0~server: ng2-admin@0.3.0
8 verbose lifecycle ng2-admin@0.3.0~server: unsafe-perm in lifecycle true
9 verbose lifecycle ng2-admin@0.3.0~server: PATH: /usr/local/lib/node_modules/npm/bin/node-gyp-bin:/Users/judithrohatiner/Documents/ang2-admin-panel/node_modules/.bin:/usr/local/bin:/Users/judithrohatiner/Google Drive/google-cloud-sdk/bin:/usr/local/bin:/usr/bin:/bin:/usr/sbin:/sbin:/Applications/Server.app/Contents/ServerRoot/usr/bin:/Applications/Server.app/Contents/ServerRoot/usr/sbin
10 verbose lifecycle ng2-admin@0.3.0~server: CWD: /Users/judithrohatiner/Documents/ang2-admin-panel
11 silly lifecycle ng2-admin@0.3.0~server: Args: [ '-c', 'npm run server:dev' ]
12 silly lifecycle ng2-admin@0.3.0~server: Returned: code: 1  signal: null
13 info lifecycle ng2-admin@0.3.0~server: Failed to exec server script
14 verbose stack Error: ng2-admin@0.3.0 server: `npm run server:dev`
14 verbose stack Exit status 1
14 verbose stack     at EventEmitter.<anonymous> (/usr/local/lib/node_modules/npm/lib/utils/lifecycle.js:245:16)
14 verbose stack     at emitTwo (events.js:106:13)
14 verbose stack     at EventEmitter.emit (events.js:191:7)
14 verbose stack     at ChildProcess.<anonymous> (/usr/local/lib/node_modules/npm/lib/utils/spawn.js:24:14)
14 verbose stack     at emitTwo (events.js:106:13)
14 verbose stack     at ChildProcess.emit (events.js:191:7)
14 verbose stack     at maybeClose (internal/child_process.js:850:16)
14 verbose stack     at Process.ChildProcess._handle.onexit (internal/child_process.js:215:5)
15 verbose pkgid ng2-admin@0.3.0
16 verbose cwd /Users/judithrohatiner/Documents/ang2-admin-panel
17 error Darwin 15.5.0
18 error argv "/usr/local/bin/node" "/usr/local/bin/npm" "run" "server"
19 error node v6.2.0
20 error npm  v3.9.3
21 error code ELIFECYCLE
22 error ng2-admin@0.3.0 server: `npm run server:dev`
22 error Exit status 1
23 error Failed at the ng2-admin@0.3.0 server script 'npm run server:dev'.
23 error Make sure you have the latest version of node.js and npm installed.
23 error If you do, this is most likely a problem with the ng2-admin package,
23 error not with npm itself.
23 error Tell the author that this fails on your system:
23 error     npm run server:dev
23 error You can get information on how to open an issue for this project with:
23 error     npm bugs ng2-admin
23 error Or if that isn't available, you can get their info via:
23 error     npm owner ls ng2-admin
23 error There is likely additional logging output above.
24 verbose exit [ 1, true ]
